{"total": {"lines":{"total":140,"covered":136,"skipped":0,"pct":97.14},"statements":{"total":141,"covered":137,"skipped":0,"pct":97.16},"functions":{"total":33,"covered":33,"skipped":0,"pct":100},"branches":{"total":48,"covered":40,"skipped":0,"pct":83.33},"branchesTrue":{"total":0,"covered":0,"skipped":0,"pct":100}}
,"/Users/Deep.Patel/Desktop/Study/smart-route-planning/frontend/src/components/apiBaseUrl.ts": {"lines":{"total":14,"covered":13,"skipped":0,"pct":92.85},"functions":{"total":2,"covered":2,"skipped":0,"pct":100},"statements":{"total":14,"covered":13,"skipped":0,"pct":92.85},"branches":{"total":10,"covered":9,"skipped":0,"pct":90}}
,"/Users/Deep.Patel/Desktop/Study/smart-route-planning/frontend/src/components/routePlanner/routePlannerService.ts": {"lines":{"total":6,"covered":6,"skipped":0,"pct":100},"functions":{"total":1,"covered":1,"skipped":0,"pct":100},"statements":{"total":6,"covered":6,"skipped":0,"pct":100},"branches":{"total":2,"covered":2,"skipped":0,"pct":100}}
,"/Users/Deep.Patel/Desktop/Study/smart-route-planning/frontend/src/components/routePlanner/routePlannerUtils.ts": {"lines":{"total":21,"covered":21,"skipped":0,"pct":100},"functions":{"total":4,"covered":4,"skipped":0,"pct":100},"statements":{"total":21,"covered":21,"skipped":0,"pct":100},"branches":{"total":6,"covered":5,"skipped":0,"pct":83.33}}
,"/Users/Deep.Patel/Desktop/Study/smart-route-planning/frontend/src/components/routePlanner/useDestinationAddresses.ts": {"lines":{"total":28,"covered":28,"skipped":0,"pct":100},"functions":{"total":12,"covered":12,"skipped":0,"pct":100},"statements":{"total":28,"covered":28,"skipped":0,"pct":100},"branches":{"total":6,"covered":6,"skipped":0,"pct":100}}
,"/Users/Deep.Patel/Desktop/Study/smart-route-planning/frontend/src/components/routePlanner/usePatientSearch.ts": {"lines":{"total":28,"covered":25,"skipped":0,"pct":89.28},"functions":{"total":4,"covered":4,"skipped":0,"pct":100},"statements":{"total":28,"covered":25,"skipped":0,"pct":89.28},"branches":{"total":10,"covered":4,"skipped":0,"pct":40}}
,"/Users/Deep.Patel/Desktop/Study/smart-route-planning/frontend/src/components/routePlanner/useRouteOptimization.ts": {"lines":{"total":27,"covered":27,"skipped":0,"pct":100},"functions":{"total":5,"covered":5,"skipped":0,"pct":100},"statements":{"total":27,"covered":27,"skipped":0,"pct":100},"branches":{"total":6,"covered":6,"skipped":0,"pct":100}}
,"/Users/Deep.Patel/Desktop/Study/smart-route-planning/frontend/src/components/routePlanner/useTheme.ts": {"lines":{"total":16,"covered":16,"skipped":0,"pct":100},"functions":{"total":5,"covered":5,"skipped":0,"pct":100},"statements":{"total":17,"covered":17,"skipped":0,"pct":100},"branches":{"total":8,"covered":8,"skipped":0,"pct":100}}
}
