{"total": {"lines":{"total":491,"covered":427,"skipped":0,"pct":86.96},"statements":{"total":522,"covered":453,"skipped":0,"pct":86.78},"functions":{"total":143,"covered":130,"skipped":0,"pct":90.9},"branches":{"total":639,"covered":522,"skipped":0,"pct":81.69},"branchesTrue":{"total":0,"covered":0,"skipped":0,"pct":100}}
,"/Users/deep./Desktop/Github/navigate-easy/frontend/src/components/apiBaseUrl.ts": {"lines":{"total":14,"covered":13,"skipped":0,"pct":92.85},"functions":{"total":2,"covered":2,"skipped":0,"pct":100},"statements":{"total":14,"covered":13,"skipped":0,"pct":92.85},"branches":{"total":10,"covered":9,"skipped":0,"pct":90}}
,"/Users/deep./Desktop/Github/navigate-easy/frontend/src/components/routePlanner/DestinationRow.tsx": {"lines":{"total":24,"covered":22,"skipped":0,"pct":91.66},"functions":{"total":15,"covered":14,"skipped":0,"pct":93.33},"statements":{"total":26,"covered":24,"skipped":0,"pct":92.3},"branches":{"total":25,"covered":22,"skipped":0,"pct":88}}
,"/Users/deep./Desktop/Github/navigate-easy/frontend/src/components/routePlanner/OptimizedRouteResult.tsx": {"lines":{"total":58,"covered":35,"skipped":0,"pct":60.34},"functions":{"total":21,"covered":17,"skipped":0,"pct":80.95},"statements":{"total":62,"covered":39,"skipped":0,"pct":62.9},"branches":{"total":126,"covered":86,"skipped":0,"pct":68.25}}
,"/Users/deep./Desktop/Github/navigate-easy/frontend/src/components/routePlanner/OptimizedStopCard.tsx": {"lines":{"total":28,"covered":19,"skipped":0,"pct":67.85},"functions":{"total":5,"covered":5,"skipped":0,"pct":100},"statements":{"total":30,"covered":20,"skipped":0,"pct":66.66},"branches":{"total":95,"covered":75,"skipped":0,"pct":78.94}}
,"/Users/deep./Desktop/Github/navigate-easy/frontend/src/components/routePlanner/OptimizedStopList.tsx": {"lines":{"total":48,"covered":36,"skipped":0,"pct":75},"functions":{"total":11,"covered":9,"skipped":0,"pct":81.81},"statements":{"total":50,"covered":37,"skipped":0,"pct":74},"branches":{"total":54,"covered":37,"skipped":0,"pct":68.51}}
,"/Users/deep./Desktop/Github/navigate-easy/frontend/src/components/routePlanner/PatientSelectorSection.tsx": {"lines":{"total":17,"covered":16,"skipped":0,"pct":94.11},"functions":{"total":6,"covered":5,"skipped":0,"pct":83.33},"statements":{"total":18,"covered":16,"skipped":0,"pct":88.88},"branches":{"total":47,"covered":41,"skipped":0,"pct":87.23}}
,"/Users/deep./Desktop/Github/navigate-easy/frontend/src/components/routePlanner/RouteResultSection.tsx": {"lines":{"total":6,"covered":5,"skipped":0,"pct":83.33},"functions":{"total":5,"covered":4,"skipped":0,"pct":80},"statements":{"total":6,"covered":5,"skipped":0,"pct":83.33},"branches":{"total":40,"covered":38,"skipped":0,"pct":95}}
,"/Users/deep./Desktop/Github/navigate-easy/frontend/src/components/routePlanner/SelectedDestinationsSection.tsx": {"lines":{"total":8,"covered":8,"skipped":0,"pct":100},"functions":{"total":7,"covered":7,"skipped":0,"pct":100},"statements":{"total":8,"covered":8,"skipped":0,"pct":100},"branches":{"total":4,"covered":3,"skipped":0,"pct":75}}
,"/Users/deep./Desktop/Github/navigate-easy/frontend/src/components/routePlanner/TripSetupSection.tsx": {"lines":{"total":10,"covered":6,"skipped":0,"pct":60},"functions":{"total":6,"covered":2,"skipped":0,"pct":33.33},"statements":{"total":11,"covered":6,"skipped":0,"pct":54.54},"branches":{"total":14,"covered":13,"skipped":0,"pct":92.85}}
,"/Users/deep./Desktop/Github/navigate-easy/frontend/src/components/routePlanner/optimizeRouteEndpoint.ts": {"lines":{"total":10,"covered":8,"skipped":0,"pct":80},"functions":{"total":3,"covered":3,"skipped":0,"pct":100},"statements":{"total":11,"covered":9,"skipped":0,"pct":81.81},"branches":{"total":10,"covered":8,"skipped":0,"pct":80}}
,"/Users/deep./Desktop/Github/navigate-easy/frontend/src/components/routePlanner/routePlannerDraft.ts": {"lines":{"total":39,"covered":36,"skipped":0,"pct":92.3},"functions":{"total":8,"covered":8,"skipped":0,"pct":100},"statements":{"total":39,"covered":36,"skipped":0,"pct":92.3},"branches":{"total":55,"covered":51,"skipped":0,"pct":92.72}}
,"/Users/deep./Desktop/Github/navigate-easy/frontend/src/components/routePlanner/routePlannerHelpers.ts": {"lines":{"total":34,"covered":34,"skipped":0,"pct":100},"functions":{"total":9,"covered":9,"skipped":0,"pct":100},"statements":{"total":36,"covered":36,"skipped":0,"pct":100},"branches":{"total":22,"covered":18,"skipped":0,"pct":81.81}}
,"/Users/deep./Desktop/Github/navigate-easy/frontend/src/components/routePlanner/routePlannerResultUtils.ts": {"lines":{"total":35,"covered":35,"skipped":0,"pct":100},"functions":{"total":6,"covered":6,"skipped":0,"pct":100},"statements":{"total":37,"covered":37,"skipped":0,"pct":100},"branches":{"total":26,"covered":24,"skipped":0,"pct":92.3}}
,"/Users/deep./Desktop/Github/navigate-easy/frontend/src/components/routePlanner/routePlannerService.ts": {"lines":{"total":109,"covered":106,"skipped":0,"pct":97.24},"functions":{"total":24,"covered":24,"skipped":0,"pct":100},"statements":{"total":123,"covered":119,"skipped":0,"pct":96.74},"branches":{"total":84,"covered":73,"skipped":0,"pct":86.9}}
,"/Users/deep./Desktop/Github/navigate-easy/frontend/src/components/routePlanner/routePlannerSubmission.ts": {"lines":{"total":25,"covered":22,"skipped":0,"pct":88},"functions":{"total":10,"covered":10,"skipped":0,"pct":100},"statements":{"total":25,"covered":22,"skipped":0,"pct":88},"branches":{"total":19,"covered":16,"skipped":0,"pct":84.21}}
,"/Users/deep./Desktop/Github/navigate-easy/frontend/src/components/routePlanner/routePlannerTelemetry.ts": {"lines":{"total":5,"covered":5,"skipped":0,"pct":100},"functions":{"total":1,"covered":1,"skipped":0,"pct":100},"statements":{"total":5,"covered":5,"skipped":0,"pct":100},"branches":{"total":2,"covered":2,"skipped":0,"pct":100}}
,"/Users/deep./Desktop/Github/navigate-easy/frontend/src/components/routePlanner/routePlannerUtils.ts": {"lines":{"total":21,"covered":21,"skipped":0,"pct":100},"functions":{"total":4,"covered":4,"skipped":0,"pct":100},"statements":{"total":21,"covered":21,"skipped":0,"pct":100},"branches":{"total":6,"covered":6,"skipped":0,"pct":100}}
}
